  ContactManifold.cpp
  Game.cpp
  main.cpp
main.cpp(73): error C2664: 'int MessageBoxW(HWND,LPCWSTR,LPCWSTR,UINT)': cannot convert argument 2 from 'char [15]' to 'LPCWSTR'
  main.cpp(73): note: Types pointed to are unrelated; conversion requires reinterpret_cast, C-style cast or function-style cast
main.cpp(127): error C2664: 'int MessageBoxW(HWND,LPCWSTR,LPCWSTR,UINT)': cannot convert argument 2 from 'const char [34]' to 'LPCWSTR'
  main.cpp(127): note: Types pointed to are unrelated; conversion requires reinterpret_cast, C-style cast or function-style cast
main.cpp(132): error C2664: 'int MessageBoxW(HWND,LPCWSTR,LPCWSTR,UINT)': cannot convert argument 2 from 'const char [35]' to 'LPCWSTR'
  main.cpp(132): note: Types pointed to are unrelated; conversion requires reinterpret_cast, C-style cast or function-style cast
main.cpp(137): error C2664: 'int MessageBoxW(HWND,LPCWSTR,LPCWSTR,UINT)': cannot convert argument 2 from 'const char [27]' to 'LPCWSTR'
  main.cpp(137): note: Types pointed to are unrelated; conversion requires reinterpret_cast, C-style cast or function-style cast
main.cpp(142): error C2664: 'int MessageBoxW(HWND,LPCWSTR,LPCWSTR,UINT)': cannot convert argument 2 from 'const char [37]' to 'LPCWSTR'
  main.cpp(142): note: Types pointed to are unrelated; conversion requires reinterpret_cast, C-style cast or function-style cast
main.cpp(147): error C2664: 'int MessageBoxW(HWND,LPCWSTR,LPCWSTR,UINT)': cannot convert argument 2 from 'const char [41]' to 'LPCWSTR'
  main.cpp(147): note: Types pointed to are unrelated; conversion requires reinterpret_cast, C-style cast or function-style cast
main.cpp(200): error C2440: '=': cannot convert from 'const char [15]' to 'LPCWSTR'
  main.cpp(200): note: Types pointed to are unrelated; conversion requires reinterpret_cast, C-style cast or function-style cast
main.cpp(207): error C2664: 'HWND CreateWindowExW(DWORD,LPCWSTR,LPCWSTR,DWORD,int,int,int,int,HWND,HMENU,HINSTANCE,LPVOID)': cannot convert argument 2 from 'const char [15]' to 'LPCWSTR'
  main.cpp(207): note: Types pointed to are unrelated; conversion requires reinterpret_cast, C-style cast or function-style cast
  Cube.cpp
  Sphere.cpp
  TextureLoader.cpp
TextureLoader.cpp(26): warning C4996: 'fopen': This function or variable may be unsafe. Consider using fopen_s instead. To disable deprecation, use _CRT_SECURE_NO_WARNINGS. See online help for details.
  C:\Program Files (x86)\Windows Kits\10\Include\10.0.15063.0\ucrt\stdio.h(207): note: see declaration of 'fopen'
  Vector2f.cpp
Vector2f.cpp(62): warning C4244: 'return': conversion from 'double' to 'float', possible loss of data
  Vector3f.cpp
Vector3f.cpp(69): warning C4244: 'return': conversion from 'double' to 'float', possible loss of data
